<?xml version='1.0' encoding='UTF-8'?>
<testsuite hostname="C9179" name="streams.BloxorzSuite" tests="6" errors="0" failures="0" skipped="0" time="0.088" timestamp="2020-09-24T16:38:14">
                     <properties>
[...]
</properties>
                     <testcase classname="streams.BloxorzSuite" name="neighboursWithHistory adds the neighbour and the move" time="0.023">
                                                 
                                               </testcase><testcase classname="streams.BloxorzSuite" name="newNeighboursOnly drops explored neighbours" time="0.006">
                                                 
                                               </testcase><testcase classname="streams.BloxorzSuite" name="find char level 1 (10pts)" time="0.004">
                                                 
                                               </testcase><testcase classname="streams.BloxorzSuite" name="terrain function level 1 (10pts)" time="0.007">
                                                 
                                               </testcase><testcase classname="streams.BloxorzSuite" name="optimal solution length for level 1 (5pts)" time="0.038">
                                                 
                                               </testcase><testcase classname="streams.BloxorzSuite" name="optimal solution for level 1 (5pts)" time="0.01">
                                                 
                                               </testcase>
                     <system-out><![CDATA[]]></system-out>
                     <system-err><![CDATA[]]></system-err>
                   </testsuite>